Determining if the pthread_create exist failed with the following output:
Change Dir: /home/chouer/workspace/rospace/elfin/build/CMakeFiles/CMakeTmp

Run Build Command:"/usr/bin/make" "cmTC_c2616/fast"
/usr/bin/make -f CMakeFiles/cmTC_c2616.dir/build.make CMakeFiles/cmTC_c2616.dir/build
make[1]: Entering directory '/home/chouer/workspace/rospace/elfin/build/CMakeFiles/CMakeTmp'
Building C object CMakeFiles/cmTC_c2616.dir/CheckSymbolExists.c.o
/usr/bin/cc     -o CMakeFiles/cmTC_c2616.dir/CheckSymbolExists.c.o   -c /home/chouer/workspace/rospace/elfin/build/CMakeFiles/CMakeTmp/CheckSymbolExists.c
Linking C executable cmTC_c2616
/usr/bin/cmake -E cmake_link_script CMakeFiles/cmTC_c2616.dir/link.txt --verbose=1
/usr/bin/cc       CMakeFiles/cmTC_c2616.dir/CheckSymbolExists.c.o  -o cmTC_c2616 -rdynamic 
CMakeFiles/cmTC_c2616.dir/CheckSymbolExists.c.o: In function `main':
CheckSymbolExists.c:(.text+0x16): undefined reference to `pthread_create'
collect2: error: ld returned 1 exit status
CMakeFiles/cmTC_c2616.dir/build.make:97: recipe for target 'cmTC_c2616' failed
make[1]: *** [cmTC_c2616] Error 1
make[1]: Leaving directory '/home/chouer/workspace/rospace/elfin/build/CMakeFiles/CMakeTmp'
Makefile:126: recipe for target 'cmTC_c2616/fast' failed
make: *** [cmTC_c2616/fast] Error 2

File /home/chouer/workspace/rospace/elfin/build/CMakeFiles/CMakeTmp/CheckSymbolExists.c:
/* */
#include <pthread.h>

int main(int argc, char** argv)
{
  (void)argv;
#ifndef pthread_create
  return ((int*)(&pthread_create))[argc];
#else
  (void)argc;
  return 0;
#endif
}

Determining if the function pthread_create exists in the pthreads failed with the following output:
Change Dir: /home/chouer/workspace/rospace/elfin/build/CMakeFiles/CMakeTmp

Run Build Command:"/usr/bin/make" "cmTC_cc753/fast"
/usr/bin/make -f CMakeFiles/cmTC_cc753.dir/build.make CMakeFiles/cmTC_cc753.dir/build
make[1]: Entering directory '/home/chouer/workspace/rospace/elfin/build/CMakeFiles/CMakeTmp'
Building C object CMakeFiles/cmTC_cc753.dir/CheckFunctionExists.c.o
/usr/bin/cc    -DCHECK_FUNCTION_EXISTS=pthread_create   -o CMakeFiles/cmTC_cc753.dir/CheckFunctionExists.c.o   -c /usr/share/cmake-3.5/Modules/CheckFunctionExists.c
Linking C executable cmTC_cc753
/usr/bin/cmake -E cmake_link_script CMakeFiles/cmTC_cc753.dir/link.txt --verbose=1
/usr/bin/cc   -DCHECK_FUNCTION_EXISTS=pthread_create    CMakeFiles/cmTC_cc753.dir/CheckFunctionExists.c.o  -o cmTC_cc753 -rdynamic -lpthreads 
/usr/bin/ld: cannot find -lpthreads
collect2: error: ld returned 1 exit status
CMakeFiles/cmTC_cc753.dir/build.make:97: recipe for target 'cmTC_cc753' failed
make[1]: *** [cmTC_cc753] Error 1
make[1]: Leaving directory '/home/chouer/workspace/rospace/elfin/build/CMakeFiles/CMakeTmp'
Makefile:126: recipe for target 'cmTC_cc753/fast' failed
make: *** [cmTC_cc753/fast] Error 2


